<?xml version="1.0" encoding="UTF-8"?>
<!-- Generated by org.testng.reporters.JUnitXMLReporter -->
<testsuite hostname="Sumit-PC" name="Login Test" tests="3" failures="3" timestamp="31 Jul 2018 19:41:09 GMT" time="36.949" errors="0">
  <testcase name="loginTest" time="13.015" classname="com.HybridFramework.suiteA.LoginTest">
    <failure type="java.lang.AssertionError" message="The following asserts failed:
	Title did not match after Login. Expected -&amp;gt; Zoho Home ||  Actual title found -&amp;gt; Zoho Accounts">
      <![CDATA[java.lang.AssertionError: The following asserts failed:
	Title did not match after Login. Expected -> Zoho Home ||  Actual title found -> Zoho Accounts
	at com.HybridFramework.driver.DriverClass.executeKeywords(DriverClass.java:104)
	at com.HybridFramework.suiteA.LoginTest.loginTest(LoginTest.java:24)
... Removed 25 stack frames]]>
    </failure>
  </testcase> <!-- loginTest -->
  <testcase name="loginTest" time="11.827" classname="com.HybridFramework.suiteA.LoginTest">
    <failure type="java.lang.AssertionError" message="The following asserts failed:
	Title did not match after Login. Expected -&amp;gt; LoginFailure ||  Actual title found -&amp;gt; Zoho Accounts">
      <![CDATA[java.lang.AssertionError: The following asserts failed:
	Title did not match after Login. Expected -> LoginFailure ||  Actual title found -> Zoho Accounts
	at com.HybridFramework.driver.DriverClass.executeKeywords(DriverClass.java:104)
	at com.HybridFramework.suiteA.LoginTest.loginTest(LoginTest.java:24)
... Removed 25 stack frames]]>
    </failure>
  </testcase> <!-- loginTest -->
  <testcase name="loginTest" time="11.05" classname="com.HybridFramework.suiteA.LoginTest">
    <failure type="java.lang.AssertionError" message="The following asserts failed:
	Title did not match after Login. Expected -&amp;gt; LoginFailure ||  Actual title found -&amp;gt; Zoho Accounts">
      <![CDATA[java.lang.AssertionError: The following asserts failed:
	Title did not match after Login. Expected -> LoginFailure ||  Actual title found -> Zoho Accounts
	at com.HybridFramework.driver.DriverClass.executeKeywords(DriverClass.java:104)
	at com.HybridFramework.suiteA.LoginTest.loginTest(LoginTest.java:24)
... Removed 25 stack frames]]>
    </failure>
  </testcase> <!-- loginTest -->
</testsuite> <!-- Login Test -->
