<?xml version="1.0" encoding="UTF-8"?>
<!-- Generated by org.testng.reporters.JUnitXMLReporter -->
<testsuite hostname="Sumit-PC" name="Login Test" tests="3" failures="1" timestamp="2 Aug 2018 18:08:59 GMT" time="12.727" errors="0">
  <testcase name="loginTest" time="12.524" classname="com.HybridFramework.suiteB.LoginTest">
    <failure type="java.lang.AssertionError" message="The following asserts failed:
	Title did not match after Login. Expected -&amp;gt; Zoho Home ||  Actual title found -&amp;gt; Zoho Accounts">
      <![CDATA[java.lang.AssertionError: The following asserts failed:
	Title did not match after Login. Expected -> Zoho Home ||  Actual title found -> Zoho Accounts
	at com.HybridFramework.driver.DriverClass.executeKeywords(DriverClass.java:101)
	at com.HybridFramework.suiteB.LoginTest.loginTest(LoginTest.java:24)
... Removed 26 stack frames]]>
    </failure>
  </testcase> <!-- loginTest -->
  <testcase name="loginTest" time="0.0" classname="com.HybridFramework.suiteB.LoginTest">
    <skipped/>
  </testcase> <!-- loginTest -->
  <testcase name="loginTest" time="0.0" classname="com.HybridFramework.suiteB.LoginTest">
    <skipped/>
  </testcase> <!-- loginTest -->
</testsuite> <!-- Login Test -->
