<?xml version="1.0" encoding="UTF-8"?>
<!-- Generated by org.testng.reporters.JUnitXMLReporter -->
<testsuite hostname="Sumit-PC" name="Login Test" tests="3" failures="3" timestamp="4 Aug 2018 08:21:18 GMT" time="52.641" errors="0">
  <testcase name="loginTest" time="19.867" classname="com.HybridFramework.suiteA.LoginTest">
    <failure type="java.lang.AssertionError" message="The following asserts failed:
	Title did not match after Login. Expected -&amp;gt; Zoho Home ||  Actual title found -&amp;gt; Zoho Accounts">
      <![CDATA[java.lang.AssertionError: The following asserts failed:
	Title did not match after Login. Expected -> Zoho Home ||  Actual title found -> Zoho Accounts
	at com.HybridFramework.driver.DriverClass.executeKeywords(DriverClass.java:101)
	at com.HybridFramework.suiteA.LoginTest.loginTest(LoginTest.java:24)
... Removed 26 stack frames]]>
    </failure>
  </testcase> <!-- loginTest -->
  <testcase name="loginTest" time="17.761" classname="com.HybridFramework.suiteA.LoginTest">
    <failure type="java.lang.AssertionError" message="The following asserts failed:
	Title did not match after Login. Expected -&amp;gt; LoginFailure ||  Actual title found -&amp;gt; Zoho Accounts">
      <![CDATA[java.lang.AssertionError: The following asserts failed:
	Title did not match after Login. Expected -> LoginFailure ||  Actual title found -> Zoho Accounts
	at com.HybridFramework.driver.DriverClass.executeKeywords(DriverClass.java:101)
	at com.HybridFramework.suiteA.LoginTest.loginTest(LoginTest.java:24)
... Removed 26 stack frames]]>
    </failure>
  </testcase> <!-- loginTest -->
  <testcase name="loginTest" time="13.002" classname="com.HybridFramework.suiteA.LoginTest">
    <failure type="java.lang.AssertionError" message="The following asserts failed:
	Title did not match after Login. Expected -&amp;gt; LoginFailure ||  Actual title found -&amp;gt; Zoho Accounts">
      <![CDATA[java.lang.AssertionError: The following asserts failed:
	Title did not match after Login. Expected -> LoginFailure ||  Actual title found -> Zoho Accounts
	at com.HybridFramework.driver.DriverClass.executeKeywords(DriverClass.java:101)
	at com.HybridFramework.suiteA.LoginTest.loginTest(LoginTest.java:24)
... Removed 26 stack frames]]>
    </failure>
  </testcase> <!-- loginTest -->
</testsuite> <!-- Login Test -->
