<?xml version="1.0" encoding="UTF-8"?>
<!-- Generated by org.testng.reporters.JUnitXMLReporter -->
<testsuite hostname="Sumit-PC" name="Login Test" tests="3" failures="3" timestamp="4 Aug 2018 10:30:44 GMT" time="54.638" errors="0">
  <testcase name="loginTest" time="13.184" classname="com.HybridFramework.suiteA.LoginTest">
    <failure type="java.lang.AssertionError" message="The following asserts failed:
	Title did not match after Login. Expected -&amp;gt; Zoho Home ||  Actual title found -&amp;gt; Zoho Accounts">
      <![CDATA[java.lang.AssertionError: The following asserts failed:
	Title did not match after Login. Expected -> Zoho Home ||  Actual title found -> Zoho Accounts
	at com.HybridFramework.driver.DriverClass.executeKeywords(DriverClass.java:101)
	at com.HybridFramework.suiteA.LoginTest.loginTest(LoginTest.java:24)
... Removed 25 stack frames]]>
    </failure>
  </testcase> <!-- loginTest -->
  <testcase name="loginTest" time="18.302" classname="com.HybridFramework.suiteA.LoginTest">
    <failure type="java.lang.AssertionError" message="The following asserts failed:
	Title did not match after Login. Expected -&amp;gt; LoginFailure ||  Actual title found -&amp;gt; Zoho Accounts">
      <![CDATA[java.lang.AssertionError: The following asserts failed:
	Title did not match after Login. Expected -> LoginFailure ||  Actual title found -> Zoho Accounts
	at com.HybridFramework.driver.DriverClass.executeKeywords(DriverClass.java:101)
	at com.HybridFramework.suiteA.LoginTest.loginTest(LoginTest.java:24)
... Removed 25 stack frames]]>
    </failure>
  </testcase> <!-- loginTest -->
  <testcase name="loginTest" time="22.35" classname="com.HybridFramework.suiteA.LoginTest">
    <failure type="java.lang.AssertionError" message="The following asserts failed:
	Title did not match after Login. Expected -&amp;gt; LoginFailure ||  Actual title found -&amp;gt; Zoho Accounts">
      <![CDATA[java.lang.AssertionError: The following asserts failed:
	Title did not match after Login. Expected -> LoginFailure ||  Actual title found -> Zoho Accounts
	at com.HybridFramework.driver.DriverClass.executeKeywords(DriverClass.java:101)
	at com.HybridFramework.suiteA.LoginTest.loginTest(LoginTest.java:24)
... Removed 25 stack frames]]>
    </failure>
  </testcase> <!-- loginTest -->
</testsuite> <!-- Login Test -->
