<?xml version="1.0" encoding="UTF-8"?>
<!-- Generated by org.testng.reporters.JUnitXMLReporter -->
<testsuite hostname="Sumit-PC" name="Login Test" tests="3" failures="1" timestamp="4 Aug 2018 08:21:41 GMT" time="14.407" errors="0">
  <testcase name="loginTest" time="14.23" classname="com.HybridFramework.suiteB.LoginTest">
    <failure type="java.lang.AssertionError" message="The following asserts failed:
	Title did not match after Login. Expected -&amp;gt; Zoho Home ||  Actual title found -&amp;gt; Zoho Accounts">
      <![CDATA[java.lang.AssertionError: The following asserts failed:
	Title did not match after Login. Expected -> Zoho Home ||  Actual title found -> Zoho Accounts
	at com.HybridFramework.driver.DriverClass.executeKeywords(DriverClass.java:101)
	at com.HybridFramework.suiteB.LoginTest.loginTest(LoginTest.java:24)
... Removed 26 stack frames]]>
    </failure>
  </testcase> <!-- loginTest -->
  <testcase name="loginTest" time="0.003" classname="com.HybridFramework.suiteB.LoginTest">
    <skipped/>
  </testcase> <!-- loginTest -->
  <testcase name="loginTest" time="0.001" classname="com.HybridFramework.suiteB.LoginTest">
    <skipped/>
  </testcase> <!-- loginTest -->
</testsuite> <!-- Login Test -->
