<!DOCTYPE html PUBLIC "-//W3C//DTD XHTML 1.1//EN" "http://www.w3.org/TR/xhtml11/DTD/xhtml11.dtd">
<html xmlns="http://www.w3.org/1999/xhtml"><head><title>TestNG Report</title><style type="text/css">table {margin-bottom:10px;border-collapse:collapse;empty-cells:show}th,td {border:1px solid #009;padding:.25em .5em}th {vertical-align:bottom}td {vertical-align:top}table a {font-weight:bold}.stripe td {background-color: #E6EBF9}.num {text-align:right}.passedodd td {background-color: #3F3}.passedeven td {background-color: #0A0}.skippedodd td {background-color: #DDD}.skippedeven td {background-color: #CCC}.failedodd td,.attn {background-color: #F33}.failedeven td,.stripe .attn {background-color: #D00}.stacktrace {white-space:pre;font-family:monospace}.totop {font-size:85%;text-align:center;border-bottom:2px solid #000}</style></head><body><table><tr><th>Test</th><th># Passed</th><th># Skipped</th><th># Failed</th><th>Time (ms)</th><th>Included Groups</th><th>Excluded Groups</th></tr><tr><th colspan="7">Suite B</th></tr><tr><td><a href="#t0">Login Test</a></td><td class="num">0</td><td class="num attn">2</td><td class="num attn">1</td><td class="num">14,407</td><td></td><td></td></tr><tr><th colspan="7">Suite A</th></tr><tr class="stripe"><td><a href="#t1">Login Test</a></td><td class="num">0</td><td class="num">0</td><td class="num attn">3</td><td class="num">52,641</td><td></td><td></td></tr><tr><td><a href="#t2">Test B</a></td><td class="num">1</td><td class="num">0</td><td class="num attn">1</td><td class="num">8,376</td><td></td><td></td></tr><tr><th colspan="7">My suite</th></tr><tr><th>Total</th><th class="num">1</th><th class="num attn">2</th><th class="num attn">5</th><th class="num">75,424</th><th colspan="2"></th></tr></table><table><thead><tr><th>Class</th><th>Method</th><th>Start</th><th>Time (ms)</th></tr></thead><tbody><tr><th colspan="4">Suite B</th></tr></tbody><tbody id="t0"><tr><th colspan="4">Login Test &#8212; failed</th></tr><tr class="failedeven"><td rowspan="1">com.HybridFramework.suiteB.LoginTest</td><td><a href="#m0">loginTest</a></td><td rowspan="1">1533370886785</td><td rowspan="1">14230</td></tr><tr><th colspan="4">Login Test &#8212; skipped</th></tr><tr class="skippedeven"><td rowspan="2">com.HybridFramework.suiteB.LoginTest</td><td><a href="#m1">loginTest</a></td><td rowspan="2">1533370901079</td><td rowspan="2">3</td></tr><tr class="skippedeven"><td><a href="#m2">loginTest</a></td></tr></tbody><tbody><tr><th colspan="4">Suite A</th></tr></tbody><tbody id="t1"><tr><th colspan="4">Login Test &#8212; failed</th></tr><tr class="failedeven"><td rowspan="3">com.HybridFramework.suiteA.LoginTest</td><td><a href="#m3">loginTest</a></td><td rowspan="3">1533370826859</td><td rowspan="3">19867</td></tr><tr class="failedeven"><td><a href="#m4">loginTest</a></td></tr><tr class="failedeven"><td><a href="#m5">loginTest</a></td></tr></tbody><tbody id="t2"><tr><th colspan="4">Test B &#8212; failed</th></tr><tr class="failedeven"><td rowspan="1">com.HybridFramework.suiteA.TestB</td><td><a href="#m6">testB</a></td><td rowspan="1">1533370886720</td><td rowspan="1">1</td></tr><tr><th colspan="4">Test B &#8212; passed</th></tr><tr class="passedeven"><td rowspan="1">com.HybridFramework.suiteA.TestB</td><td><a href="#m7">testB</a></td><td rowspan="1">1533370878410</td><td rowspan="1">8263</td></tr></tbody><tbody><tr><th colspan="4">My suite</th></tr></tbody></table><h2>Login Test</h2><h3 id="m0">com.HybridFramework.suiteB.LoginTest#loginTest</h3><table class="result"><tr class="param"><th>Parameter #1</th></tr><tr class="param stripe"><td>{ExpectedResult=Zoho Home, Password=Password@2, Runmode=Y, UserName=sumitj11@gmail.com, Browser=Firefox}</td></tr><tr><th>Exception</th></tr><tr><td><div class="stacktrace">java.lang.AssertionError: The following asserts failed:
	Title did not match after Login. Expected -&gt; Zoho Home ||  Actual title found -&gt; Zoho Accounts
	at com.HybridFramework.driver.DriverClass.executeKeywords(DriverClass.java:101)
	at com.HybridFramework.suiteB.LoginTest.loginTest(LoginTest.java:24)
... Removed 26 stack frames</div></td></tr></table><p class="totop"><a href="#summary">back to summary</a></p><h3 id="m1">com.HybridFramework.suiteB.LoginTest#loginTest</h3><table class="result"><tr class="param"><th>Parameter #1</th></tr><tr class="param stripe"><td>{ExpectedResult=LoginFailure, Password=Pass2, Runmode=N, UserName=User2, Browser=Chrome}</td></tr><tr><th>Exception</th></tr><tr><td><div class="stacktrace">org.testng.SkipException: Runmode is set to NO 
	at com.HybridFramework.suiteB.LoginTest.loginTest(LoginTest.java:20)
... Removed 25 stack frames</div></td></tr></table><p class="totop"><a href="#summary">back to summary</a></p><h3 id="m2">com.HybridFramework.suiteB.LoginTest#loginTest</h3><table class="result"><tr class="param"><th>Parameter #1</th></tr><tr class="param stripe"><td>{ExpectedResult=LoginSuccess, Password=Pass3, Runmode=N, UserName=User3, Browser=Firefox}</td></tr><tr><th>Exception</th></tr><tr><td><div class="stacktrace">org.testng.SkipException: Runmode is set to NO 
	at com.HybridFramework.suiteB.LoginTest.loginTest(LoginTest.java:20)
... Removed 25 stack frames</div></td></tr></table><p class="totop"><a href="#summary">back to summary</a></p><h2>Login Test</h2><h3 id="m3">com.HybridFramework.suiteA.LoginTest#loginTest</h3><table class="result"><tr class="param"><th>Parameter #1</th></tr><tr class="param stripe"><td>{ExpectedResult=Zoho Home, Password=Password@2, Runmode=Y, UserName=sumitj11@gmail.com, Browser=Firefox}</td></tr><tr><th>Exception</th></tr><tr><td><div class="stacktrace">java.lang.AssertionError: The following asserts failed:
	Title did not match after Login. Expected -&gt; Zoho Home ||  Actual title found -&gt; Zoho Accounts
	at com.HybridFramework.driver.DriverClass.executeKeywords(DriverClass.java:101)
	at com.HybridFramework.suiteA.LoginTest.loginTest(LoginTest.java:24)
... Removed 26 stack frames</div></td></tr></table><p class="totop"><a href="#summary">back to summary</a></p><h3 id="m4">com.HybridFramework.suiteA.LoginTest#loginTest</h3><table class="result"><tr class="param"><th>Parameter #1</th></tr><tr class="param stripe"><td>{ExpectedResult=LoginFailure, Password=Pass3, Runmode=Y, UserName=User3, Browser=Firefox}</td></tr><tr><th>Exception</th></tr><tr><td><div class="stacktrace">java.lang.AssertionError: The following asserts failed:
	Title did not match after Login. Expected -&gt; LoginFailure ||  Actual title found -&gt; Zoho Accounts
	at com.HybridFramework.driver.DriverClass.executeKeywords(DriverClass.java:101)
	at com.HybridFramework.suiteA.LoginTest.loginTest(LoginTest.java:24)
... Removed 26 stack frames</div></td></tr></table><p class="totop"><a href="#summary">back to summary</a></p><h3 id="m5">com.HybridFramework.suiteA.LoginTest#loginTest</h3><table class="result"><tr class="param"><th>Parameter #1</th></tr><tr class="param stripe"><td>{ExpectedResult=LoginFailure, Password=Pass2, Runmode=Y, UserName=User2, Browser=Firefox}</td></tr><tr><th>Exception</th></tr><tr><td><div class="stacktrace">java.lang.AssertionError: The following asserts failed:
	Title did not match after Login. Expected -&gt; LoginFailure ||  Actual title found -&gt; Zoho Accounts
	at com.HybridFramework.driver.DriverClass.executeKeywords(DriverClass.java:101)
	at com.HybridFramework.suiteA.LoginTest.loginTest(LoginTest.java:24)
... Removed 26 stack frames</div></td></tr></table><p class="totop"><a href="#summary">back to summary</a></p><h2>Test B</h2><h3 id="m6">com.HybridFramework.suiteA.TestB#testB</h3><table class="result"><tr class="param"><th>Parameter #1</th></tr><tr class="param stripe"><td>{Col2=Dummy4, Runmode=Y, Browser=s}</td></tr><tr><th>Exception</th></tr><tr><td><div class="stacktrace">java.lang.reflect.InvocationTargetException
	at com.HybridFramework.driver.DriverClass.executeKeywords(DriverClass.java:97)
	at com.HybridFramework.suiteA.TestB.testB(TestB.java:26)
Caused by: java.lang.NullPointerException
	at com.HybridFramework.keywords.GenericKeywords.openBrowser(GenericKeywords.java:83)
	... 31 more
... Removed 29 stack frames</div></td></tr></table><p class="totop"><a href="#summary">back to summary</a></p><h3 id="m7">com.HybridFramework.suiteA.TestB#testB</h3><table class="result"><tr class="param"><th>Parameter #1</th></tr><tr class="param stripe"><td>{Col2=Dummy2, Runmode=Y, Browser=Firefox}</td></tr></table><p class="totop"><a href="#summary">back to summary</a></p></body></html>